5686 INFO  core.BrokerRunner: Starting session 1
5717 INFO  core.BrokerPropertiesService: adding broker.properties
5718 WARN  core.BrokerPropertiesService: broker.properties not found: java.io.FileNotFoundException: broker.properties (No such file or directory)
5732 INFO  core.BrokerPropertiesService: Validating resource jar:file:/mnt/c/Users/HP/MIEIC/TNE/feup-tne-PowerTAC/brokers/TUC_TAC/TUC_TAC_2020.jar!/config/broker.properties
5737 INFO  core.BrokerPropertiesService: loading config from jar:file:/mnt/c/Users/HP/MIEIC/TNE/feup-tne-PowerTAC/brokers/TUC_TAC/TUC_TAC_2020.jar!/config/broker.properties
5972 INFO  core.PowerTacBroker: Register PortfolioManagerService.handleMessage(TariffRevoke)
5972 INFO  core.PowerTacBroker: Register PortfolioManagerService.handleMessage(BalancingControlEvent)
5973 INFO  core.PowerTacBroker: Register PortfolioManagerService.handleMessage(TariffStatus)
5973 INFO  core.PowerTacBroker: Register PortfolioManagerService.handleMessage(CustomerBootstrapData)
5974 INFO  core.PowerTacBroker: Register PortfolioManagerService.handleMessage(TariffSpecification)
5974 INFO  core.PowerTacBroker: Register PortfolioManagerService.handleMessage(TariffTransaction)
5975 INFO  core.PowerTacBroker: Register ContextManagerService.handleMessage(Properties)
5975 INFO  core.PowerTacBroker: Register ContextManagerService.handleMessage(BankTransaction)
5976 INFO  core.PowerTacBroker: Register ContextManagerService.handleMessage(CashPosition)
5976 INFO  core.PowerTacBroker: Register ContextManagerService.handleMessage(DistributionReport)
5976 INFO  core.PowerTacBroker: Register ContextManagerService.handleMessage(Competition)
5978 INFO  core.PowerTacBroker: Register MarketManagerService.handleMessage(ClearedTrade)
5979 INFO  core.PowerTacBroker: Register MarketManagerService.handleMessage(Competition)
5979 INFO  core.PowerTacBroker: Register MarketManagerService.handleMessage(Orderbook)
5980 INFO  core.PowerTacBroker: Register MarketManagerService.handleMessage(MarketTransaction)
5981 INFO  core.PowerTacBroker: Register MarketManagerService.handleMessage(MarketPosition)
5981 INFO  core.PowerTacBroker: Register MarketManagerService.handleMessage(MarketBootstrapData)
5982 INFO  core.PowerTacBroker: Register MarketManagerService.handleMessage(CapacityTransaction)
5982 INFO  core.PowerTacBroker: Register MarketManagerService.handleMessage(DistributionTransaction)
5983 INFO  core.PowerTacBroker: Register MarketManagerService.handleMessage(BalancingTransaction)
5983 INFO  core.PowerTacBroker: Register MarketManagerService.handleMessage(BalanceReport)
5983 INFO  core.PowerTacBroker: Register MarketManagerService.handleMessage(WeatherReport)
5984 INFO  core.PowerTacBroker: Register MarketManagerService.handleMessage(WeatherForecast)
5984 INFO  core.PowerTacBroker: Register PowerTacBroker.handleMessage(SimEnd)
5985 INFO  core.PowerTacBroker: Register PowerTacBroker.handleMessage(SimPause)
5985 INFO  core.PowerTacBroker: Register PowerTacBroker.handleMessage(SimResume)
5986 INFO  core.PowerTacBroker: Register PowerTacBroker.handleMessage(TimeslotUpdate)
5986 INFO  core.PowerTacBroker: Register PowerTacBroker.handleMessage(TimeslotComplete)
5987 INFO  core.PowerTacBroker: Register PowerTacBroker.handleMessage(SimStart)
5987 INFO  core.PowerTacBroker: Register PowerTacBroker.handleMessage(Competition)
5988 INFO  core.PowerTacBroker: Register PowerTacBroker.handleMessage(BrokerAccept)
16249 ERROR core.JmsManagementService: javax.jms.JMSException: Wire format negotiation timeout: peer did not send his wire format.
16250 INFO  core.JmsManagementService: registerMessageListener(TUC_TAC, org.powertac.samplebroker.core.BrokerMessageReceiver@5f2de715)
26275 INFO  core.PowerTacBroker: Listening on queue TUC_TAC
26311 INFO  core.MessageDispatcher: sending text: 
<broker-authentication username="TUC_TAC" password="secret" brokerTime="1618446470562"/>
46280 INFO  core.PowerTacBroker: log attempt failed org.springframework.jms.UncategorizedJmsException: Uncategorized exception occurred during JMS processing; nested exception is javax.jms.JMSException: Cannot send, channel has already failed: tcp://127.0.0.1:61616
62281 INFO  core.MessageDispatcher: sending text: 
<broker-authentication username="TUC_TAC" password="secret" brokerTime="1618446506565"/>
81272 INFO  core.PowerTacBroker: log attempt failed org.springframework.jms.UncategorizedJmsException: Uncategorized exception occurred during JMS processing; nested exception is javax.jms.JMSException: Wire format negotiation timeout: peer did not send his wire format.
97274 INFO  core.MessageDispatcher: sending text: 
<broker-authentication username="TUC_TAC" password="secret" brokerTime="1618446541557"/>
116275 INFO  core.PowerTacBroker: log attempt failed org.springframework.jms.UncategorizedJmsException: Uncategorized exception occurred during JMS processing; nested exception is javax.jms.JMSException: Wire format negotiation timeout: peer did not send his wire format.
132277 INFO  core.MessageDispatcher: sending text: 
<broker-authentication username="TUC_TAC" password="secret" brokerTime="1618446576560"/>
151278 INFO  core.PowerTacBroker: log attempt failed org.springframework.jms.UncategorizedJmsException: Uncategorized exception occurred during JMS processing; nested exception is javax.jms.JMSException: Wire format negotiation timeout: peer did not send his wire format.
167281 INFO  core.MessageDispatcher: sending text: 
<broker-authentication username="TUC_TAC" password="secret" brokerTime="1618446611565"/>
186281 INFO  core.PowerTacBroker: log attempt failed org.springframework.jms.UncategorizedJmsException: Uncategorized exception occurred during JMS processing; nested exception is javax.jms.JMSException: Wire format negotiation timeout: peer did not send his wire format.
Wire format negotiation timeout: peer did not send his wire format.
