27627 INFO  repo.BrokerRepo: Creating broker TUC_TAC
47608 ERROR samplebroker.PortfolioManagerService: Cannot call handleMessage: java.lang.NullPointerException
  ..at org.powertac.samplebroker.PortfolioManagerService.handleMessage(PortfolioManagerService.java:484)
  ..at jdk.internal.reflect.GeneratedMethodAccessor42.invoke(Unknown Source)
  ..at java.base/jdk.internal.reflect.DelegatingMethodAccessorImpl.invoke(DelegatingMethodAccessorImpl.java:43)
  ..at java.base/java.lang.reflect.Method.invoke(Method.java:566)
  ..at 
47609 ERROR samplebroker.PortfolioManagerService: Cannot call handleMessage: java.lang.NullPointerException
  ..at org.powertac.samplebroker.PortfolioManagerService.handleMessage(PortfolioManagerService.java:484)
  ..at jdk.internal.reflect.GeneratedMethodAccessor42.invoke(Unknown Source)
  ..at java.base/jdk.internal.reflect.DelegatingMethodAccessorImpl.invoke(DelegatingMethodAccessorImpl.java:43)
  ..at java.base/java.lang.reflect.Method.invoke(Method.java:566)
  ..at 
47610 ERROR samplebroker.PortfolioManagerService: Cannot call handleMessage: java.lang.NullPointerException
  ..at org.powertac.samplebroker.PortfolioManagerService.handleMessage(PortfolioManagerService.java:484)
  ..at jdk.internal.reflect.GeneratedMethodAccessor42.invoke(Unknown Source)
  ..at java.base/jdk.internal.reflect.DelegatingMethodAccessorImpl.invoke(DelegatingMethodAccessorImpl.java:43)
  ..at java.base/java.lang.reflect.Method.invoke(Method143661 INFO  qlearning.QLearning: Update target network
agerService: Cannot call handleMessage: java.lang.NullPointerException
  ..at org.powertac.samplebroker.PortfolioManagerService.handleMessage(PortfolioManagerService.java:484)
  ..at jdk.internal.reflect.GeneratedMethodAccessor42.invoke(Unknown Source)
  ..at java.base/jdk.internal.reflect.DelegatingMethodAccessorImpl.invoke(DelegatingMethodAccessorImpl.java:43)
  ..at java.base/java.lang.reflect.Method.invoke(Method.java:566)
  ..at 
47611 ERROR samplebroker.PortfolioManagerService: Cannot call handleMessage: java.lang.NullPointerException
  ..at org.powertac.samplebroker.PortfolioManagerService.handleMessage(PortfolioManagerService.java:484)
  ..at jdk.internal.reflect.GeneratedMethodAccessor42.invoke(Unknown Source)
  ..at java.base/jdk.internal.reflect.DelegatingMethodAccessorImpl.invoke(DelegatingMethodAccessorImpl.java:43)
  ..at java.base/java.lang.reflect.Method.invoke(Method.java:566)
  ..at 
47612 ERROR samplebroker.PortfolioManagerService: Cannot call handleMessage: java.lang.NullPointerException
  ..at org.powertac.samplebroker.PortfolioManagerService.handleMessage(PortfolioManagerService.java:484)
  ..at jdk.internal.reflect.GeneratedMethodAccessor42.invoke(Unknown Source)
  ..at java.base/jdk.internal.reflect.DelegatingMethodAccessorImpl.invoke(DelegatingMethodAccessorImpl.java:43)
  ..at java.base/java.lang.reflect.Method.invoke(Method.java:566)
  ..at 
47612 ERROR samplebroker.PortfolioManagerService: Cannot call handleMessage: java.lang.NullPointerException
  ..at org.powertac.samplebroker.PortfolioManagerService.handleMessage(PortfolioManagerService.java:484)
  ..at jdk.internal.reflect.GeneratedMethodAccessor42.invoke(Unknown Source)
  ..at java.base/jdk.internal.reflect.DelegatingMethodAccessorImpl.invoke(DelegatingMethodAccessorImpl.java:43)
  ..at java.base/java.lang.reflect.Method.invoke(Method.java:566)
  ..at 
47613 ERROR samplebroker.PortfolioManagerService: Cannot call handleMessage: java.lang.NullPointerException
  ..at org.powertac.samplebroker.PortfolioManagerService.handleMessage(PortfolioManagerService.java:484)
  ..at jdk.internal.reflect.GeneratedMethodAccessor42.invoke(Unknown Source)
  ..at java.base/jdk.internal.reflect.DelegatingMethodAccessorImpl.invoke(DelegatingMethodAccessorImpl.java:43)
  ..at java.base/java.lang.reflect.Method.invoke(Method.java:566)
  ..at 
47614 ERROR samplebroker.PortfolioManagerService: Cannot call handleMessage: java.lang.NullPointerException
  ..at org.powertac.samplebroker.PortfolioManagerService.handleMessage(PortfolioManagerService.java:484)
  ..at jdk.internal.reflect.GeneratedMethodAccessor42.invoke(Unknown Source)
  ..at java.base/jdk.internal.reflect.DelegatingMethodAccessorImpl.invoke(DelegatingMethodAccessorImpl.java:43)
  ..at java.base/java.lang.reflect.Method.invoke(Method.java:566)
  ..at 
47615 ERROR samplebroker.PortfolioManagerService: Cannot call handleMessage: java.lang.NullPointerException
  ..at org.powertac.samplebroker.PortfolioManagerService.handleMessage(PortfolioManagerService.java:484)
  ..at jdk.internal.reflect.GeneratedMethodAccessor42.invoke(Unknown Source)
  ..at java.base/jdk.internal.reflect.DelegatingMethodAccessorImpl.invoke(DelegatingMethodAccessorImpl.java:43)
  ..at java.base/java.lang.reflect.Method.invoke(Method.java:566)
  ..at 
47615 ERROR samplebroker.PortfolioManagerService: Cannot call handleMessage: java.lang.NullPointerException
  ..at org.powertac.samplebroker.PortfolioManagerService.handleMessage(PortfolioManagerService.java:484)
  ..at jdk.internal.reflect.GeneratedMethodAccessor42.invoke(Unknown Source)
  ..at java.base/jdk.internal.reflect.DelegatingMethodAccessorImpl.invoke(DelegatingMethodAccessorImpl.java:43)
  ..at java.base/java.lang.reflect.Method.invoke(Method.java:566)
  ..at 
47616 ERROR samplebroker.PortfolioManagerService: Cannot call handleMessage: java.lang.NullPointerException
  ..at org.powertac.samplebroker.PortfolioManagerService.handleMessage(PortfolioManagerService.java:484)
  ..at jdk.internal.reflect.GeneratedMethodAccessor42.invoke(Unknown Source)
  ..at java.base/jdk.internal.reflect.DelegatingMethodAccessorImpl.invoke(DelegatingMethodAccessorImpl.java:43)
  ..at java.base/java.lang.reflect.Method.invoke(Method.java:566)
  ..at 
47617 ERROR samplebroker.PortfolioManagerService: Cannot call handleMessage: java.lang.NullPointerException
  ..at org.powertac.samplebroker.PortfolioManagerService.handleMessage(PortfolioManagerService.java:484)
  ..at jdk.internal.reflect.GeneratedMethodAccessor42.invoke(Unknown Source)
  ..at java.base/jdk.internal.reflect.DelegatingMethodAccessorImpl.invoke(DelegatingMethodAccessorImpl.java:43)
  ..at java.base/java.lang.reflect.Method.invoke(Method.java:566)
  ..at 
47617 ERROR samplebroker.PortfolioManagerService: Cannot call handleMessage: java.lang.NullPointerException
  ..at org.powertac.samplebroker.PortfolioManagerService.handleMessage(PortfolioManagerService.java:484)
  ..at jdk.internal.reflect.GeneratedMethodAccessor42.invoke(Unknown Source)
  ..at java.base/jdk.internal.reflect.DelegatingMethodAccessorImpl.invoke(DelegatingMethodAccessorImpl.java:43)
  ..at java.base/java.lang.reflect.Method.invoke(Method.java:566)
  ..at 
47618 ERROR samplebroker.PortfolioManagerService: Cannot call handleMessage: java.lang.NullPointerException
  ..at org.powertac.samplebroker.PortfolioManagerService.handleMessage(PortfolioManagerService.java:484)
  ..at jdk.internal.reflect.GeneratedMethodAccessor42.invoke(Unknown Source)
  ..at java.base/jdk.internal.reflect.DelegatingMethodAccessorImpl.invoke(DelegatingMethodAccessorImpl.java:43)
  ..at java.base/java.lang.reflect.Method.invoke(Method.java:566)
  ..at 
47619 ERROR samplebroker.PortfolioManagerService: Cannot call handleMessage: java.lang.NullPointerException
  ..at org.powertac.samplebroker.PortfolioManagerService.handleMessage(PortfolioManagerService.java:484)
  ..at jdk.internal.reflect.GeneratedMethodAccessor42.invoke(Unknown Source)
  ..at java.base/jdk.internal.reflect.DelegatingMethodAccessorImpl.invoke(DelegatingMethodAccessorImpl.java:43)
  ..at java.base/java.lang.reflect.Method.invoke(Method.java:566)
  ..at 
47619 ERROR samplebroker.PortfolioManagerService: Cannot call handleMessage: java.lang.NullPointerException
  ..at org.powertac.samplebroker.PortfolioManagerService.handleMessage(PortfolioManagerService.java:484)
  ..at jdk.internal.reflect.GeneratedMethodAccessor42.invoke(Unknown Source)
  ..at java.base/jdk.internal.reflect.DelegatingMethodAccessorImpl.invoke(DelegatingMethodAccessorImpl.java:43)
  ..at java.base/java.lang.reflect.Method.invoke(Method.java:566)
  ..at 
47620 ERROR samplebroker.PortfolioManagerService: Cannot call handleMessage: java.lang.NullPointerException
  ..at org.powertac.samplebroker.PortfolioManagerService.handleMessage(PortfolioManagerService.java:484)
  ..at jdk.internal.reflect.GeneratedMethodAccessor42.invoke(Unknown Source)
  ..at java.base/jdk.internal.reflect.DelegatingMethodAccessorImpl.invoke(DelegatingMethodAccessorImpl.java:43)
  ..at java.base/java.lang.reflect.Method.invoke(Method.java:566)
  ..at 
47621 ERROR samplebroker.PortfolioManagerService: Cannot call handleMessage: java.lang.NullPointerException
  ..at org.powertac.samplebroker.PortfolioManagerService.handleMessage(PortfolioManagerService.java:484)
  ..at jdk.internal.reflect.GeneratedMethodAccessor42.invoke(Unknown Source)
  ..at java.base/jdk.internal.reflect.DelegatingMethodAccessorImpl.invoke(DelegatingMethodAccessorImpl.java:43)
  ..at java.base/java.lang.reflect.Method.invoke(Method.java:566)
  ..at 
47622 ERROR samplebroker.PortfolioManagerService: Cannot call handleMessage: java.lang.NullPointerException
  ..at org.powertac.samplebroker.PortfolioManagerService.handleMessage(PortfolioManagerService.java:484)
  ..at jdk.internal.reflect.GeneratedMethodAccessor42.invoke(Unknown Source)
  ..at java.base/jdk.internal.reflect.DelegatingMethodAccessorImpl.invoke(DelegatingMethodAccessorImpl.java:43)
  ..at java.base/java.lang.reflect.Method.invoke(Method.java:566)
  ..at 
47623 ERROR samplebroker.PortfolioManagerService: Cannot call handleMessage: java.lang.NullPointerException
  ..at org.powertac.samplebroker.PortfolioManagerService.handleMessage(PortfolioManagerService.java:484)
  ..at jdk.internal.reflect.GeneratedMethodAccessor42.invoke(Unknown Source)
  ..at java.base/jdk.internal.reflect.DelegatingMethodAccessorImpl.invoke(DelegatingMethodAccessorImpl.java:43)
  ..at java.base/java.lang.reflect.Method.invoke(Method.java:566)
  ..at 
47624 ERROR samplebroker.PortfolioManagerService: Cannot call handleMessage: java.lang.NullPointerException
  ..at org.powertac.samplebroker.PortfolioManagerService.handleMessage(PortfolioManagerService.java:484)
  ..at jdk.internal.reflect.GeneratedMethodAccessor42.invoke(Unknown Source)
  ..at java.base/jdk.internal.reflect.DelegatingMethodAccessorImpl.invoke(DelegatingMethodAccessorImpl.java:43)
  ..at java.base/java.lang.reflect.Method.invoke(Method.java:566)
  ..at 
47624 ERROR samplebroker.PortfolioManagerService: Cannot call handleMessage: java.lang.NullPointerException
  ..at org.powertac.samplebroker.PortfolioManagerService.handleMessage(PortfolioManagerService.java:484)
  ..at jdk.internal.reflect.GeneratedMethodAccessor42.invoke(Unknown Source)
  ..at java.base/jdk.internal.reflect.DelegatingMethodAccessorImpl.invoke(DelegatingMethodAccessorImpl.java:43)
  ..at java.base/java.lang.reflect.Method.invoke(Method.java:566)
  ..at 
47625 ERROR samplebroker.PortfolioManagerService: Cannot call handleMessage: java.lang.NullPointerException
  ..at org.powertac.samplebroker.PortfolioManagerService.handleMessage(PortfolioManagerService.java:484)
  ..at jdk.internal.reflect.GeneratedMethodAccessor42.invoke(Unknown Source)
  ..at java.base/jdk.internal.reflect.DelegatingMethodAccessorImpl.invoke(DelegatingMethodAccessorImpl.java:43)
  ..at java.base/java.lang.reflect.Method.invoke(Method.java:566)
  ..at 
47626 ERROR samplebroker.PortfolioManagerService: Cannot call handleMessage: java.lang.NullPointerException
  ..at org.powertac.samplebroker.PortfolioManagerService.handleMessage(PortfolioManagerService.java:484)
  ..at jdk.internal.reflect.GeneratedMethodAccessor42.invoke(Unknown Source)
  ..at java.base/jdk.internal.reflect.DelegatingMethodAccessorImpl.invoke(DelegatingMethodAccessorImpl.java:43)
  ..at java.base/java.lang.reflect.Method.invoke(Method.java:566)
  ..at 
47626 ERROR samplebroker.PortfolioManagerService: Cannot call handleMessage: java.lang.NullPointerException
  ..at org.powertac.samplebroker.PortfolioManagerService.handleMessage(PortfolioManagerService.java:484)
  ..at jdk.internal.reflect.GeneratedMethodAccessor42.invoke(Unknown Source)
  ..at java.base/jdk.internal.reflect.DelegatingMethodAccessorImpl.invoke(DelegatingMethodAccessorImpl.java:43)
  ..at java.base/java.lang.reflect.Method.invoke(Method.java:566)
  ..at 
47627 ERROR samplebroker.PortfolioManagerService: Cannot call handleMessage: java.lang.NullPointerException
  ..at org.powertac.samplebroker.PortfolioManagerService.handleMessage(PortfolioManagerService.java:484)
  ..at jdk.internal.reflect.GeneratedMethodAccessor42.invoke(Unknown Source)
  ..at java.base/jdk.internal.reflect.DelegatingMethodAccessorImpl.invoke(DelegatingMethodAccessorImpl.java:43)
  ..at java.base/java.lang.reflect.Method.invoke(Method.java:566)
  ..at 
47628 ERROR samplebroker.PortfolioManagerService: Cannot call handleMessage: java.lang.NullPointerException
  ..at org.powertac.samplebroker.PortfolioManagerService.handleMessage(PortfolioManagerService.java:484)
  ..at jdk.internal.reflect.GeneratedMethodAccessor42.invoke(Unknown Source)
  ..at java.base/jdk.internal.reflect.DelegatingMethodAccessorImpl.invoke(DelegatingMethodAccessorImpl.java:43)
  ..at java.base/java.lang.reflect.Method.invoke(Method.java:566)
  ..at 
47628 ERROR samplebroker.PortfolioManagerService: Cannot call handleMessage: java.lang.NullPointerException
  ..at org.powertac.samplebroker.PortfolioManagerService.handleMessage(PortfolioManagerService.java:484)
  ..at jdk.internal.reflect.GeneratedMethodAccessor42.invoke(Unknown Source)
  ..at java.base/jdk.internal.reflect.DelegatingMethodAccessorImpl.invoke(DelegatingMethodAccessorImpl.java:43)
  ..at java.base/java.lang.reflect.Method.invoke(Method.java:566)
  ..at 
47632 ERROR samplebroker.PortfolioManagerService: Cannot call handleMessage: java.lang.NullPointerException
  ..at org.powertac.samplebroker.PortfolioManagerService.handleMessage(PortfolioManagerService.java:484)
  ..at jdk.internal.reflect.GeneratedMethodAccessor42.invoke(Unknown Source)
  ..at java.base/jdk.internal.reflect.DelegatingMethodAccessorImpl.invoke(DelegatingMethodAccessorImpl.java:43)
  ..at java.base/java.lang.reflect.Method.invoke(Method.java:566)
  ..at 
47633 ERROR samplebroker.PortfolioManagerService: Cannot call handleMessage: java.lang.NullPointerException
  ..at org.powertac.samplebroker.PortfolioManagerService.handleMessage(PortfolioManagerService.java:484)
  ..at jdk.internal.reflect.GeneratedMethodAccessor42.invoke(Unknown Source)
  ..at java.base/jdk.internal.reflect.DelegatingMethodAccessorImpl.invoke(DelegatingMethodAccessorImpl.java:43)
  ..at java.base/java.lang.reflect.Method.invoke(Method.java:566)
  ..at 
47634 ERROR samplebroker.PortfolioManagerService: Cannot call handleMessage: java.lang.NullPointerException
  ..at org.powertac.samplebroker.PortfolioManagerService.handleMessage(PortfolioManagerService.java:484)
  ..at jdk.internal.reflect.GeneratedMethodAccessor42.invoke(Unknown Source)
  ..at java.base/jdk.internal.reflect.DelegatingMethodAccessorImpl.invoke(DelegatingMethodAccessorImpl.java:43)
  ..at java.base/java.lang.reflect.Method.invoke(Method.java:566)
  ..at 
47634 ERROR samplebroker.PortfolioManagerService: Cannot call handleMessage: java.lang.NullPointerException
  ..at org.powertac.samplebroker.PortfolioManagerService.handleMessage(PortfolioManagerService.java:484)
  ..at jdk.internal.reflect.GeneratedMethodAccessor42.invoke(Unknown Source)
  ..at java.base/jdk.internal.reflect.DelegatingMethodAccessorImpl.invoke(DelegatingMethodAccessorImpl.java:43)
  ..at java.base/java.lang.reflect.Method.invoke(Method.java:566)
  ..at 
47635 ERROR samplebroker.PortfolioManagerService: Cannot call handleMessage: java.lang.NullPointerException
  ..at org.powertac.samplebroker.PortfolioManagerService.handleMessage(PortfolioManagerService.java:484)
  ..at jdk.internal.reflect.GeneratedMethodAccessor42.invoke(Unknown Source)
  ..at java.base/jdk.internal.reflect.DelegatingMethodAccessorImpl.invoke(DelegatingMethodAccessorImpl.java:43)
  ..at java.base/java.lang.reflect.Method.invoke(Method.java:566)
  ..at 
47635 ERROR samplebroker.PortfolioManagerService: Cannot call handleMessage: java.lang.NullPointerException
  ..at org.powertac.samplebroker.PortfolioManagerService.handleMessage(PortfolioManagerService.java:484)
  ..at jdk.internal.reflect.GeneratedMethodAccessor42.invoke(Unknown Source)
  ..at java.base/jdk.internal.reflect.DelegatingMethodAccessorImpl.invoke(DelegatingMethodAccessorImpl.java:43)
  ..at java.base/java.lang.reflect.Method.invoke(Method.java:566)
  ..at 
47636 ERROR samplebroker.PortfolioManagerService: Cannot call handleMessage: java.lang.NullPointerException
  ..at org.powertac.samplebroker.PortfolioManagerService.handleMessage(PortfolioManagerService.java:484)
  ..at jdk.internal.reflect.GeneratedMethodAccessor42.invoke(Unknown Source)
  ..at java.base/jdk.internal.reflect.DelegatingMethodAccessorImpl.invoke(DelegatingMethodAccessorImpl.java:43)
  ..at java.base/java.lang.reflect.Method.invoke(Method.java:566)
  ..at 
47637 ERROR samplebroker.PortfolioManagerService: Cannot call handleMessage: java.lang.NullPointerException
  ..at org.powertac.samplebroker.PortfolioManagerService.handleMessage(PortfolioManagerService.java:484)
  ..at jdk.internal.reflect.GeneratedMethodAccessor42.invoke(Unknown Source)
  ..at java.base/jdk.internal.reflect.DelegatingMethodAccessorImpl.invoke(DelegatingMethodAccessorImpl.java:43)
  ..at java.base/java.lang.reflect.Method.invoke(Method.java:566)
  ..at 
47637 ERROR samplebroker.PortfolioManagerService: Cannot call handleMessage: java.lang.NullPointerException
  ..at org.powertac.samplebroker.PortfolioManagerService.handleMessage(PortfolioManagerService.java:484)
  ..at jdk.internal.reflect.GeneratedMethodAccessor42.invoke(Unknown Source)
  ..at java.base/jdk.internal.reflect.DelegatingMethodAccessorImpl.invoke(DelegatingMethodAccessorImpl.java:43)
  ..at java.base/java.lang.reflect.Method.invoke(Method.java:566)
  ..at 
47638 ERROR samplebroker.PortfolioManagerService: Cannot call handleMessage: java.lang.NullPointerException
  ..at org.powertac.samplebroker.PortfolioManagerService.handleMessage(PortfolioManagerService.java:484)
  ..at jdk.internal.reflect.GeneratedMethodAccessor42.invoke(Unknown Source)
  ..at java.base/jdk.internal.reflect.DelegatingMethodAccessorImpl.invoke(DelegatingMethodAccessorImpl.java:43)
  ..at java.base/java.lang.reflect.Method.invoke(Method.java:566)
  ..at 
47638 ERROR samplebroker.PortfolioManagerService: Cannot call handleMessage: java.lang.NullPointerException
  ..at org.powertac.samplebroker.PortfolioManagerService.handleMessage(PortfolioManagerService.java:484)
  ..at jdk.internal.reflect.GeneratedMethodAccessor42.invoke(Unknown Source)
  ..at java.base/jdk.internal.reflect.DelegatingMethodAccessorImpl.invoke(DelegatingMethodAccessorImpl.java:43)
  ..at java.base/java.lang.reflect.Method.invoke(Method.java:566)
  ..at 
47639 ERROR samplebroker.PortfolioManagerService: Cannot call handleMessage: java.lang.NullPointerException
  ..at org.powertac.samplebroker.PortfolioManagerService.handleMessage(PortfolioManagerService.java:484)
  ..at jdk.internal.reflect.GeneratedMethodAccessor42.invoke(Unknown Source)
  ..at java.base/jdk.internal.reflect.DelegatingMethodAccessorImpl.invoke(DelegatingMethodAccessorImpl.java:43)
  ..at java.base/java.lang.reflect.Method.invoke(Method.java:566)
  ..at 
47640 ERROR samplebroker.PortfolioManagerService: Cannot call handleMessage: java.lang.NullPointerException
  ..at org.powertac.samplebroker.PortfolioManagerService.handleMessage(PortfolioManagerService.java:484)
  ..at jdk.internal.reflect.GeneratedMethodAccessor42.invoke(Unknown Source)
  ..at java.base/jdk.internal.reflect.DelegatingMethodAccessorImpl.invoke(DelegatingMethodAccessorImpl.java:43)
  ..at java.base/java.lang.reflect.Method.invoke(Method.java:566)
  ..at 
47641 ERROR samplebroker.PortfolioManagerService: Cannot call handleMessage: java.lang.NullPointerException
  ..at org.powertac.samplebroker.PortfolioManagerService.handleMessage(PortfolioManagerService.java:484)
  ..at jdk.internal.reflect.GeneratedMethodAccessor42.invoke(Unknown Source)
  ..at java.base/jdk.internal.reflect.DelegatingMethodAccessorImpl.invoke(DelegatingMethodAccessorImpl.java:43)
  ..at java.base/java.lang.reflect.Method.invoke(Method.java:566)
  ..at 
47641 ERROR samplebroker.PortfolioManagerService: Cannot call handleMessage: java.lang.NullPointerException
  ..at org.powertac.samplebroker.PortfolioManagerService.handleMessage(PortfolioManagerService.java:484)
  ..at jdk.internal.reflect.GeneratedMethodAccessor42.invoke(Unknown Source)
  ..at java.base/jdk.internal.reflect.DelegatingMethodAccessorImpl.invoke(DelegatingMethodAccessorImpl.java:43)
  ..at java.base/java.lang.reflect.Method.invoke(Method.java:566)
  ..at 
47642 ERROR samplebroker.PortfolioManagerService: Cannot call handleMessage: java.lang.NullPointerException
  ..at org.powertac.samplebroker.PortfolioManagerService.handleMessage(PortfolioManagerService.java:484)
  ..at jdk.internal.reflect.GeneratedMethodAccessor42.invoke(Unknown Source)
  ..at java.base/jdk.internal.reflect.DelegatingMethodAccessorImpl.invoke(DelegatingMethodAccessorImpl.java:43)
  ..at java.base/java.lang.reflect.Method.invoke(Method.java:566)
  ..at 
47643 ERROR samplebroker.PortfolioManagerService: Cannot call handleMessage: java.lang.NullPointerException
  ..at org.powertac.samplebroker.PortfolioManagerService.handleMessage(PortfolioManagerService.java:484)
  ..at jdk.internal.reflect.GeneratedMethodAccessor42.invoke(Unknown Source)
  ..at java.base/jdk.internal.reflect.DelegatingMethodAccessorImpl.invoke(DelegatingMethodAccessorImpl.java:43)
  ..at java.base/java.lang.reflect.Method.invoke(Method.java:566)
  ..at 
47643 ERROR samplebroker.PortfolioManagerService: Cannot call handleMessage: java.lang.NullPointerException
  ..at org.powertac.samplebroker.PortfolioManagerService.handleMessage(PortfolioManagerService.java:484)
  ..at jdk.internal.reflect.GeneratedMethodAccessor42.invoke(Unknown Source)
  ..at java.base/jdk.internal.reflect.DelegatingMethodAccessorImpl.invoke(DelegatingMethodAccessorImpl.java:43)
  ..at java.base/java.lang.reflect.Method.invoke(Method.java:566)
  ..at 
47644 ERROR samplebroker.PortfolioManagerService: Cannot call handleMessage: java.lang.NullPointerException
  ..at org.powertac.samplebroker.PortfolioManagerService.handleMessage(PortfolioManagerService.java:484)
  ..at jdk.internal.reflect.GeneratedMethodAccessor42.invoke(Unknown Source)
  ..at java.base/jdk.internal.reflect.DelegatingMethodAccessorImpl.invoke(DelegatingMethodAccessorImpl.java:43)
  ..at java.base/java.lang.reflect.Method.invoke(Method.java:566)
  ..at 
47644 ERROR samplebroker.PortfolioManagerService: Cannot call handleMessage: java.lang.NullPointerException
  ..at org.powertac.samplebroker.PortfolioManagerService.handleMessage(PortfolioManagerService.java:484)
  ..at jdk.internal.reflect.GeneratedMethodAccessor42.invoke(Unknown Source)
  ..at java.base/jdk.internal.reflect.DelegatingMethodAccessorImpl.invoke(DelegatingMethodAccessorImpl.java:43)
  ..at java.base/java.lang.reflect.Method.invoke(Method.java:566)
  ..at 
48886 ERROR samplebroker.PortfolioManagerService: Cannot call handleMessage: java.lang.NullPointerException
  ..at org.powertac.samplebroker.PortfolioManagerService.handleMessage(PortfolioManagerService.java:484)
  ..at jdk.internal.reflect.GeneratedMethodAccessor42.invoke(Unknown Source)
  ..at java.base/jdk.internal.reflect.DelegatingMethodAccessorImpl.invoke(DelegatingMethodAccessorImpl.java:43)
  ..at java.base/java.lang.reflect.Method.invoke(Method.java:566)
  ..at 
48886 ERROR samplebroker.PortfolioManagerService: Cannot call handleMessage: java.lang.NullPointerException
  ..at org.powertac.samplebroker.PortfolioManagerService.handleMessage(PortfolioManagerService.java:484)
  ..at jdk.internal.reflect.GeneratedMethodAccessor42.invoke(Unknown Source)
  ..at java.base/jdk.internal.reflect.DelegatingMethodAccessorImpl.invoke(DelegatingMethodAccessorImpl.java:43)
  ..at java.base/java.lang.reflect.Method.invoke(Method.java:566)
  ..at 
48887 ERROR samplebroker.PortfolioManagerService: Cannot call handleMessage: java.lang.NullPointerException
  ..at org.powertac.samplebroker.PortfolioManagerService.handleMessage(PortfolioManagerService.java:484)
  ..at jdk.internal.reflect.GeneratedMethodAccessor42.invoke(Unknown Source)
  ..at java.base/jdk.internal.reflect.DelegatingMethodAccessorImpl.invoke(DelegatingMethodAccessorImpl.java:43)
  ..at java.base/java.lang.reflect.Method.invoke(Method.java:566)
  ..at 
48887 ERROR samplebroker.PortfolioManagerService: Cannot call handleMessage: java.lang.NullPointerException
  ..at org.powertac.samplebroker.PortfolioManagerService.handleMessage(PortfolioManagerService.java:484)
  ..at jdk.internal.reflect.GeneratedMethodAccessor42.invoke(Unknown Source)
  ..at java.base/jdk.internal.reflect.DelegatingMethodAccessorImpl.invoke(DelegatingMethodAccessorImpl.java:43)
  ..at java.base/java.lang.reflect.Method.invoke(Method.java:566)
  ..at 
48888 ERROR samplebroker.PortfolioManagerService: Cannot call handleMessage: java.lang.NullPointerException
  ..at org.powertac.samplebroker.PortfolioManagerService.handleMessage(PortfolioManagerService.java:484)
  ..at jdk.internal.reflect.GeneratedMethodAccessor42.invoke(Unknown Source)
  ..at java.base/jdk.internal.reflect.DelegatingMethodAccessorImpl.invoke(DelegatingMethodAccessorImpl.java:43)
  ..at java.base/java.lang.reflect.Method.invoke(Method.java:566)
  ..at 
48888 ERROR samplebroker.PortfolioManagerService: Cannot call handleMessage: java.lang.NullPointerException
  ..at org.powertac.samplebroker.PortfolioManagerService.handleMessage(PortfolioManagerService.java:484)
  ..at jdk.internal.reflect.GeneratedMethodAccessor42.invoke(Unknown Source)
  ..at java.base/jdk.internal.reflect.DelegatingMethodAccessorImpl.invoke(DelegatingMethodAccessorImpl.java:43)
  ..at java.base/java.lang.reflect.Method.invoke(Method.java:566)
  ..at 
48889 ERROR samplebroker.PortfolioManagerService: Cannot call handleMessage: java.lang.NullPointerException
  ..at org.powertac.samplebroker.PortfolioManagerService.handleMessage(PortfolioManagerService.java:484)
  ..at jdk.internal.reflect.GeneratedMethodAccessor42.invoke(Unknown Source)
  ..at java.base/jdk.internal.reflect.DelegatingMethodAccessorImpl.invoke(DelegatingMethodAccessorImpl.java:43)
  ..at java.base/java.lang.reflect.Method.invoke(Method.java:566)
  ..at 
48889 ERROR samplebroker.PortfolioManagerService: Cannot call handleMessage: java.lang.NullPointerException
  ..at org.powertac.samplebroker.PortfolioManagerService.handleMessage(PortfolioManagerService.java:484)
  ..at jdk.internal.reflect.GeneratedMethodAccessor42.invoke(Unknown Source)
  ..at java.base/jdk.internal.reflect.DelegatingMethodAccessorImpl.invoke(DelegatingMethodAccessorImpl.java:43)
  ..at java.base/java.lang.reflect.Method.invoke(Method.java:566)
  ..at 
48890 ERROR samplebroker.PortfolioManagerService: Cannot call handleMessage: java.lang.NullPointerException
  ..at org.powertac.samplebroker.PortfolioManagerService.handleMessage(PortfolioManagerService.java:484)
  ..at jdk.internal.reflect.GeneratedMethodAccessor42.invoke(Unknown Source)
  ..at java.base/jdk.internal.reflect.DelegatingMethodAccessorImpl.invoke(DelegatingMethodAccessorImpl.java:43)
  ..at java.base/java.lang.reflect.Method.invoke(Method.java:566)
  ..at 
48890 ERROR samplebroker.PortfolioManagerService: Cannot call handleMessage: java.lang.NullPointerException
  ..at org.powertac.samplebroker.PortfolioManagerService.handleMessage(PortfolioManagerService.java:484)
  ..at jdk.internal.reflect.GeneratedMethodAccessor42.invoke(Unknown Source)
  ..at java.base/jdk.internal.reflect.DelegatingMethodAccessorImpl.invoke(DelegatingMethodAccessorImpl.java:43)
  ..at java.base/java.lang.reflect.Method.invoke(Method.java:566)
  ..at 
48891 ERROR samplebroker.PortfolioManagerService: Cannot call handleMessage: java.lang.NullPointerException
  ..at org.powertac.samplebroker.PortfolioManagerService.handleMessage(PortfolioManagerService.java:484)
  ..at jdk.internal.reflect.GeneratedMethodAccessor42.invoke(Unknown Source)
  ..at java.base/jdk.internal.reflect.DelegatingMethodAccessorImpl.invoke(DelegatingMethodAccessorImpl.java:43)
  ..at java.base/java.lang.reflect.Method.invoke(Method.java:566)
  ..at 
48892 ERROR samplebroker.PortfolioManagerService: Cannot call handleMessage: java.lang.NullPointerException
  ..at org.powertac.samplebroker.PortfolioManagerService.handleMessage(PortfolioManagerService.java:484)
  ..at jdk.internal.reflect.GeneratedMethodAccessor42.invoke(Unknown Source)
  ..at java.base/jdk.internal.reflect.DelegatingMethodAccessorImpl.invoke(DelegatingMethodAccessorImpl.java:43)
  ..at java.base/java.lang.reflect.Method.invoke(Method.java:566)
  ..at 
48892 ERROR samplebroker.PortfolioManagerService: Cannot call handleMessage: java.lang.NullPointerException
  ..at org.powertac.samplebroker.PortfolioManagerService.handleMessage(PortfolioManagerService.java:484)
  ..at jdk.internal.reflect.GeneratedMethodAccessor42.invoke(Unknown Source)
  ..at java.base/jdk.internal.reflect.DelegatingMethodAccessorImpl.invoke(DelegatingMethodAccessorImpl.java:43)
  ..at java.base/java.lang.reflect.Method.invoke(Method.java:566)
  ..at 
48893 ERROR samplebroker.PortfolioManagerService: Cannot call handleMessage: java.lang.NullPointerException
  ..at org.powertac.samplebroker.PortfolioManagerService.handleMessage(PortfolioManagerService.java:484)
  ..at jdk.internal.reflect.GeneratedMethodAccessor42.invoke(Unknown Source)
  ..at java.base/jdk.internal.reflect.DelegatingMethodAccessorImpl.invoke(DelegatingMethodAccessorImpl.java:43)
  ..at java.base/java.lang.reflect.Method.invoke(Method.java:566)
  ..at 
48900 ERROR samplebroker.PortfolioManagerService: Cannot call handleMessage: java.lang.NullPointerException
  ..at org.powertac.samplebroker.PortfolioManagerService.handleMessage(PortfolioManagerService.java:484)
  ..at jdk.internal.reflect.GeneratedMethodAccessor42.invoke(Unknown Source)
  ..at java.base/jdk.internal.reflect.DelegatingMethodAccessorImpl.invoke(DelegatingMethodAccessorImpl.java:43)
  ..at java.base/java.lang.reflect.Method.invoke(Method.java:566)
  ..at 
48901 ERROR samplebroker.PortfolioManagerService: Cannot call handleMessage: java.lang.NullPointerException
  ..at org.powertac.samplebroker.PortfolioManagerService.handleMessage(PortfolioManagerService.java:484)
  ..at jdk.internal.reflect.GeneratedMethodAccessor42.invoke(Unknown Source)
  ..at java.base/jdk.internal.reflect.DelegatingMethodAccessorImpl.invoke(DelegatingMethodAccessorImpl.java:43)
  ..at java.base/java.lang.reflect.Method.invoke(Method.java:566)
  ..at 
48902 ERROR samplebroker.PortfolioManagerService: Cannot call handleMessage: java.lang.NullPointerException
  ..at org.powertac.samplebroker.PortfolioManagerService.handleMessage(PortfolioManagerService.java:484)
  ..at jdk.internal.reflect.GeneratedMethodAccessor42.invoke(Unknown Source)
  ..at java.base/jdk.internal.reflect.DelegatingMethodAccessorImpl.invoke(DelegatingMethodAccessorImpl.java:43)
  ..at java.base/java.lang.reflect.Method.invoke(Method.java:566)
  ..at 
48903 ERROR samplebroker.PortfolioManagerService: Cannot call handleMessage: java.lang.NullPointerException
  ..at org.powertac.samplebroker.PortfolioManagerService.handleMessage(PortfolioManagerService.java:484)
  ..at jdk.internal.reflect.GeneratedMethodAccessor42.invoke(Unknown Source)
  ..at java.base/jdk.internal.reflect.DelegatingMethodAccessorImpl.invoke(DelegatingMethodAccessorImpl.java:43)
  ..at java.base/java.lang.reflect.Method.invoke(Method.java:566)
  ..at 
48903 ERROR samplebroker.PortfolioManagerService: Cannot call handleMessage: java.lang.NullPointerException
  ..at org.powertac.samplebroker.PortfolioManagerService.handleMessage(PortfolioManagerService.java:484)
  ..at jdk.internal.reflect.GeneratedMethodAccessor42.invoke(Unknown Source)
  ..at java.base/jdk.internal.reflect.DelegatingMethodAccessorImpl.invoke(DelegatingMethodAccessorImpl.java:43)
  ..at java.base/java.lang.reflect.Method.invoke(Method.java:566)
  ..at 
48904 ERROR samplebroker.PortfolioManagerService: Cannot call handleMessage: java.lang.NullPointerException
  ..at org.powertac.samplebroker.PortfolioManagerService.handleMessage(PortfolioManagerService.java:484)
  ..at jdk.internal.reflect.GeneratedMethodAccessor42.invoke(Unknown Source)
  ..at java.base/jdk.internal.reflect.DelegatingMethodAccessorImpl.invoke(DelegatingMethodAccessorImpl.java:43)
  ..at java.base/java.lang.reflect.Method.invoke(Method.java:566)
  ..at 
48908 ERROR samplebroker.PortfolioManagerService: Cannot call handleMessage: java.lang.NullPointerException
  ..at org.powertac.samplebroker.PortfolioManagerService.handleMessage(PortfolioManagerService.java:484)
  ..at jdk.internal.reflect.GeneratedMethodAccessor42.invoke(Unknown Source)
  ..at java.base/jdk.internal.reflect.DelegatingMethodAccessorImpl.invoke(DelegatingMethodAccessorImpl.java:43)
  ..at java.base/java.lang.reflect.Method.invoke(Method.java:566)
  ..at 
48909 ERROR samplebroker.PortfolioManagerService: Cannot call handleMessage: java.lang.NullPointerException
  ..at org.powertac.samplebroker.PortfolioManagerService.handleMessage(PortfolioManagerService.java:484)
  ..at jdk.internal.reflect.GeneratedMethodAccessor42.invoke(Unknown Source)
  ..at java.base/jdk.internal.reflect.DelegatingMethodAccessorImpl.invoke(DelegatingMethodAccessorImpl.java:43)
  ..at java.base/java.lang.reflect.Method.invoke(Method.java:566)
  ..at 
48910 ERROR samplebroker.PortfolioManagerService: Cannot call handleMessage: java.lang.NullPointerException
  ..at org.powertac.samplebroker.PortfolioManagerService.handleMessage(PortfolioManagerService.java:484)
  ..at jdk.internal.reflect.GeneratedMethodAccessor42.invoke(Unknown Source)
  ..at java.base/jdk.internal.reflect.DelegatingMethodAccessorImpl.invoke(DelegatingMethodAccessorImpl.java:43)
  ..at java.base/java.lang.reflect.Method.invoke(Method.java:566)
  ..at 
48910 ERROR samplebroker.PortfolioManagerService: Cannot call handleMessage: java.lang.NullPointerException
  ..at org.powertac.samplebroker.PortfolioManagerService.handleMessage(PortfolioManagerService.java:484)
  ..at jdk.internal.reflect.GeneratedMethodAccessor42.invoke(Unknown Source)
  ..at java.base/jdk.internal.reflect.DelegatingMethodAccessorImpl.invoke(DelegatingMethodAccessorImpl.java:43)
  ..at java.base/java.lang.reflect.Method.invoke(Method.java:566)
  ..at 
48911 ERROR samplebroker.PortfolioManagerService: Cannot call handleMessage: java.lang.NullPointerException
  ..at org.powertac.samplebroker.PortfolioManagerService.handleMessage(PortfolioManagerService.java:484)
  ..at jdk.internal.reflect.GeneratedMethodAccessor42.invoke(Unknown Source)
  ..at java.base/jdk.internal.reflect.DelegatingMethodAccessorImpl.invoke(DelegatingMethodAccessorImpl.java:43)
  ..at java.base/java.lang.reflect.Method.invoke(Method.java:566)
  ..at 
48912 ERROR samplebroker.PortfolioManagerService: Cannot call handleMessage: java.lang.NullPointerException
  ..at org.powertac.samplebroker.PortfolioManagerService.handleMessage(PortfolioManagerService.java:484)
  ..at jdk.internal.reflect.GeneratedMethodAccessor42.invoke(Unknown Source)
  ..at java.base/jdk.internal.reflect.DelegatingMethodAccessorImpl.invoke(DelegatingMethodAccessorImpl.java:43)
  ..at java.base/java.lang.reflect.Method.invoke(Method.java:566)
  ..at 
48912 ERROR samplebroker.PortfolioManagerService: Cannot call handleMessage: java.lang.NullPointerException
  ..at org.powertac.samplebroker.PortfolioManagerService.handleMessage(PortfolioManagerService.java:484)
  ..at jdk.internal.reflect.GeneratedMethodAccessor42.invoke(Unknown Source)
  ..at java.base/jdk.internal.reflect.DelegatingMethodAccessorImpl.invoke(DelegatingMethodAccessorImpl.java:43)
  ..at java.base/java.lang.reflect.Method.invoke(Method.java:566)
  ..at 
48913 ERROR samplebroker.PortfolioManagerService: Cannot call handleMessage: java.lang.NullPointerException
  ..at org.powertac.samplebroker.PortfolioManagerService.handleMessage(PortfolioManagerService.java:484)
  ..at jdk.internal.reflect.GeneratedMethodAccessor42.invoke(Unknown Source)
  ..at java.base/jdk.internal.reflect.DelegatingMethodAccessorImpl.invoke(DelegatingMethodAccessorImpl.java:43)
  ..at java.base/java.lang.reflect.Method.invoke(Method.java:566)
  ..at 
48914 ERROR samplebroker.PortfolioManagerService: Cannot call handleMessage: java.lang.NullPointerException
  ..at org.powertac.samplebroker.PortfolioManagerService.handleMessage(PortfolioManagerService.java:484)
  ..at jdk.internal.reflect.GeneratedMethodAccessor42.invoke(Unknown Source)
  ..at java.base/jdk.internal.reflect.DelegatingMethodAccessorImpl.invoke(DelegatingMethodAccessorImpl.java:43)
  ..at java.base/java.lang.reflect.Method.invoke(Method.java:566)
  ..at 
48917 ERROR samplebroker.PortfolioManagerService: Cannot call handleMessage: java.lang.NullPointerException
  ..at org.powertac.samplebroker.PortfolioManagerService.handleMessage(PortfolioManagerService.java:484)
  ..at jdk.internal.reflect.GeneratedMethodAccessor42.invoke(Unknown Source)
  ..at java.base/jdk.internal.reflect.DelegatingMethodAccessorImpl.invoke(DelegatingMethodAccessorImpl.java:43)
  ..at java.base/java.lang.reflect.Method.invoke(Method.java:566)
  ..at 
48918 ERROR samplebroker.PortfolioManagerService: Cannot call handleMessage: java.lang.NullPointerException
  ..at org.powertac.samplebroker.PortfolioManagerService.handleMessage(PortfolioManagerService.java:484)
  ..at jdk.internal.reflect.GeneratedMethodAccessor42.invoke(Unknown Source)
  ..at java.base/jdk.internal.reflect.DelegatingMethodAccessorImpl.invoke(DelegatingMethodAccessorImpl.java:43)
  ..at java.base/java.lang.reflect.Method.invoke(Method.java:566)
  ..at 
48919 ERROR samplebroker.PortfolioManagerService: Cannot call handleMessage: java.lang.NullPointerException
  ..at org.powertac.samplebroker.PortfolioManagerService.handleMessage(PortfolioManagerService.java:484)
  ..at jdk.internal.reflect.GeneratedMethodAccessor42.invoke(Unknown Source)
  ..at java.base/jdk.internal.reflect.DelegatingMethodAccessorImpl.invoke(DelegatingMethodAccessorImpl.java:43)
  ..at java.base/java.lang.reflect.Method.invoke(Method.java:566)
  ..at 
48919 ERROR samplebroker.PortfolioManagerService: Cannot call handleMessage: java.lang.NullPointerException
  ..at org.powertac.samplebroker.PortfolioManagerService.handleMessage(PortfolioManagerService.java:484)
  ..at jdk.internal.reflect.GeneratedMethodAccessor42.invoke(Unknown Source)
  ..at java.base/jdk.internal.reflect.DelegatingMethodAccessorImpl.invoke(DelegatingMethodAccessorImpl.java:43)
  ..at java.base/java.lang.reflect.Method.invoke(Method.java:566)
  ..at 
48920 ERROR samplebroker.PortfolioManagerService: Cannot call handleMessage: java.lang.NullPointerException
  ..at org.powertac.samplebroker.PortfolioManagerService.handleMessage(PortfolioManagerService.java:484)
  ..at jdk.internal.reflect.GeneratedMethodAccessor42.invoke(Unknown Source)
  ..at java.base/jdk.internal.reflect.DelegatingMethodAccessorImpl.invoke(DelegatingMethodAccessorImpl.java:43)
  ..at java.base/java.lang.reflect.Method.invoke(Method.java:566)
  ..at 
48921 ERROR samplebroker.PortfolioManagerService: Cannot call handleMessage: java.lang.NullPointerException
  ..at org.powertac.samplebroker.PortfolioManagerService.handleMessage(PortfolioManagerService.java:484)
  ..at jdk.internal.reflect.GeneratedMethodAccessor42.invoke(Unknown Source)
  ..at java.base/jdk.internal.reflect.DelegatingMethodAccessorImpl.invoke(DelegatingMethodAccessorImpl.java:43)
  ..at java.base/java.lang.reflect.Method.invoke(Method.java:566)
  ..at 
48921 ERROR samplebroker.PortfolioManagerService: Cannot call handleMessage: java.lang.NullPointerException
  ..at org.powertac.samplebroker.PortfolioManagerService.handleMessage(PortfolioManagerService.java:484)
  ..at jdk.internal.reflect.GeneratedMethodAccessor42.invoke(Unknown Source)
  ..at java.base/jdk.internal.reflect.DelegatingMethodAccessorImpl.invoke(DelegatingMethodAccessorImpl.java:43)
  ..at java.base/java.lang.reflect.Method.invoke(Method.java:566)
  ..at 
48922 ERROR samplebroker.PortfolioManagerService: Cannot call handleMessage: java.lang.NullPointerException
  ..at org.powertac.samplebroker.PortfolioManagerService.handleMessage(PortfolioManagerService.java:484)
  ..at jdk.internal.reflect.GeneratedMethodAccessor42.invoke(Unknown Source)
  ..at java.base/jdk.internal.reflect.DelegatingMethodAccessorImpl.invoke(DelegatingMethodAccessorImpl.java:43)
  ..at java.base/java.lang.reflect.Method.invoke(Method.java:566)
  ..at 
48923 ERROR samplebroker.PortfolioManagerService: Cannot call handleMessage: java.lang.NullPointerException
  ..at org.powertac.samplebroker.PortfolioManagerService.handleMessage(PortfolioManagerService.java:484)
  ..at jdk.internal.reflect.GeneratedMethodAccessor42.invoke(Unknown Source)
  ..at java.base/jdk.internal.reflect.DelegatingMethodAccessorImpl.invoke(DelegatingMethodAccessorImpl.java:43)
  ..at java.base/java.lang.reflect.Method.invoke(Method.java:566)
  ..at 
48923 ERROR samplebroker.PortfolioManagerService: Cannot call handleMessage: java.lang.NullPointerException
  ..at org.powertac.samplebroker.PortfolioManagerService.handleMessage(PortfolioManagerService.java:484)
  ..at jdk.internal.reflect.GeneratedMethodAccessor42.invoke(Unknown Source)
  ..at java.base/jdk.internal.reflect.DelegatingMethodAccessorImpl.invoke(DelegatingMethodAccessorImpl.java:43)
  ..at java.base/java.lang.reflect.Method.invoke(Method.java:566)
  ..at 
48924 ERROR samplebroker.PortfolioManagerService: Cannot call handleMessage: java.lang.NullPointerException
  ..at org.powertac.samplebroker.PortfolioManagerService.handleMessage(PortfolioManagerService.java:484)
  ..at jdk.internal.reflect.GeneratedMethodAccessor42.invoke(Unknown Source)
  ..at java.base/jdk.internal.reflect.DelegatingMethodAccessorImpl.invoke(DelegatingMethodAccessorImpl.java:43)
  ..at java.base/java.lang.reflect.Method.invoke(Method.java:566)
  ..at 
48924 ERROR samplebroker.PortfolioManagerService: Cannot call handleMessage: java.lang.NullPointerException
  ..at org.powertac.samplebroker.PortfolioManagerService.handleMessage(PortfolioManagerService.java:484)
  ..at jdk.internal.reflect.GeneratedMethodAccessor42.invoke(Unknown Source)
  ..at java.base/jdk.internal.reflect.DelegatingMethodAccessorImpl.invoke(DelegatingMethodAccessorImpl.java:43)
  ..at java.base/java.lang.reflect.Method.invoke(Method.java:566)
  ..at 
48925 ERROR samplebroker.PortfolioManagerService: Cannot call handleMessage: java.lang.NullPointerException
  ..at org.powertac.samplebroker.PortfolioManagerService.handleMessage(PortfolioManagerService.java:484)
  ..at jdk.internal.reflect.GeneratedMethodAccessor42.invoke(Unknown Source)
  ..at java.base/jdk.internal.reflect.DelegatingMethodAccessorImpl.invoke(DelegatingMethodAccessorImpl.java:43)
  ..at java.base/java.lang.reflect.Method.invoke(Method.java:566)
  ..at 
48926 ERROR samplebroker.PortfolioManagerService: Cannot call handleMessage: java.lang.NullPointerException
  ..at org.powertac.samplebroker.PortfolioManagerService.handleMessage(PortfolioManagerService.java:484)
  ..at jdk.internal.reflect.GeneratedMethodAccessor42.invoke(Unknown Source)
  ..at java.base/jdk.internal.reflect.DelegatingMethodAccessorImpl.invoke(DelegatingMethodAccessorImpl.java:43)
  ..at java.base/java.lang.reflect.Method.invoke(Method.java:566)
  ..at 
48926 ERROR samplebroker.PortfolioManagerService: Cannot call handleMessage: java.lang.NullPointerException
  ..at org.powertac.samplebroker.PortfolioManagerService.handleMessage(PortfolioManagerService.java:484)
  ..at jdk.internal.reflect.GeneratedMethodAccessor42.invoke(Unknown Source)
  ..at java.base/jdk.internal.reflect.DelegatingMethodAccessorImpl.invoke(DelegatingMethodAccessorImpl.java:43)
  ..at java.base/java.lang.reflect.Method.invoke(Method.java:566)
  ..at 
48927 ERROR samplebroker.PortfolioManagerService: Cannot call handleMessage: java.lang.NullPointerException
  ..at org.powertac.samplebroker.PortfolioManagerService.handleMessage(PortfolioManagerService.java:484)
  ..at jdk.internal.reflect.GeneratedMethodAccessor42.invoke(Unknown Source)
  ..at java.base/jdk.internal.reflect.DelegatingMethodAccessorImpl.invoke(DelegatingMethodAccessorImpl.java:43)
  ..at java.base/java.lang.reflect.Method.invoke(Method.java:566)
  ..at 
48927 ERROR samplebroker.PortfolioManagerService: Cannot call handleMessage: java.lang.NullPointerException
  ..at org.powertac.samplebroker.PortfolioManagerService.handleMessage(PortfolioManagerService.java:484)
  ..at jdk.internal.reflect.GeneratedMethodAccessor42.invoke(Unknown Source)
  ..at java.base/jdk.internal.reflect.DelegatingMethodAccessorImpl.invoke(DelegatingMethodAccessorImpl.java:43)
  ..at java.base/java.lang.reflect.Method.invoke(Method.java:566)
  ..at 
48928 ERROR samplebroker.PortfolioManagerService: Cannot call handleMessage: java.lang.NullPointerException
  ..at org.powertac.samplebroker.PortfolioManagerService.handleMessage(PortfolioManagerService.java:484)
  ..at jdk.internal.reflect.GeneratedMethodAccessor42.invoke(Unknown Source)
  ..at java.base/jdk.internal.reflect.DelegatingMethodAccessorImpl.invoke(DelegatingMethodAccessorImpl.java:43)
  ..at java.base/java.lang.reflect.Method.invoke(Method.java:566)
  ..at 
48933 ERROR samplebroker.PortfolioManagerService: Cannot call handleMessage: java.lang.NullPointerException
  ..at org.powertac.samplebroker.PortfolioManagerService.handleMessage(PortfolioManagerService.java:484)
  ..at jdk.internal.reflect.GeneratedMethodAccessor42.invoke(Unknown Source)
  ..at java.base/jdk.internal.reflect.DelegatingMethodAccessorImpl.invoke(DelegatingMethodAccessorImpl.java:43)
  ..at java.base/java.lang.reflect.Method.invoke(Method.java:566)
  ..at 
48933 ERROR samplebroker.PortfolioManagerService: Cannot call handleMessage: java.lang.NullPointerException
  ..at org.powertac.samplebroker.PortfolioManagerService.handleMessage(PortfolioManagerService.java:484)
  ..at jdk.internal.reflect.GeneratedMethodAccessor42.invoke(Unknown Source)
  ..at java.base/jdk.internal.reflect.DelegatingMethodAccessorImpl.invoke(DelegatingMethodAccessorImpl.java:43)
  ..at java.base/java.lang.reflect.Method.invoke(Method.java:566)
  ..at 
48934 ERROR samplebroker.PortfolioManagerService: Cannot call handleMessage: java.lang.NullPointerException
  ..at org.powertac.samplebroker.PortfolioManagerService.handleMessage(PortfolioManagerService.java:506)
  ..at jdk.internal.reflect.GeneratedMethodAccessor42.invoke(Unknown Source)
  ..at java.base/jdk.internal.reflect.DelegatingMethodAccessorImpl.invoke(DelegatingMethodAccessorImpl.java:43)
  ..at java.base/java.lang.reflect.Method.invoke(Method.java:566)
  ..at 
