3638 INFO  core.BrokerRunner: Starting session 1
3641 INFO  core.BrokerPropertiesService: adding broker.properties
3759 INFO  core.BrokerPropertiesService: Validating resource file:/home/helena/Desktop/feup-tne-PowerTAC/sample-broker-sample-broker-release-1.7.0/target/classes/config/broker.properties
3759 INFO  core.BrokerPropertiesService: loading config from file:/home/helena/Desktop/feup-tne-PowerTAC/sample-broker-sample-broker-release-1.7.0/target/classes/config/broker.properties
3888 INFO  core.PowerTacBroker: Register ContextManagerService.handleMessage(Competition)
3888 INFO  core.PowerTacBroker: Register ContextManagerService.handleMessage(DistributionReport)
3888 INFO  core.PowerTacBroker: Register ContextManagerService.handleMessage(Properties)
3889 INFO  core.PowerTacBroker: Register ContextManagerService.handleMessage(CashPosition)
3889 INFO  core.PowerTacBroker: Register ContextManagerService.handleMessage(BankTransaction)
3893 INFO  core.PowerTacBroker: Register MarketManagerService.handleMessage(Orderbook)
3893 INFO  core.PowerTacBroker: Register MarketManagerService.handleMessage(MarketPosition)
3893 INFO  core.PowerTacBroker: Register MarketManagerService.handleMessage(MarketBootstrapData)
3893 INFO  core.PowerTacBroker: Register MarketManagerService.handleMessage(WeatherForecast)
3894 INFO  core.PowerTacBroker: Register MarketManagerService.handleMessage(WeatherReport)
3894 INFO  core.PowerTacBroker: Register MarketManagerService.handleMessage(BalanceReport)
3894 INFO  core.PowerTacBroker: Register MarketManagerService.handleMessage(MarketTransaction)
3894 INFO  core.PowerTacBroker: Register MarketManagerService.handleMessage(Competition)
3894 INFO  core.PowerTacBroker: Register MarketManagerService.handleMessage(BalancingTransaction)
3895 INFO  core.PowerTacBroker: Register MarketManagerService.handleMessage(CapacityTransaction)
3895 INFO  core.PowerTacBroker: Register MarketManagerService.handleMessage(DistributionTransaction)
3895 INFO  core.PowerTacBroker: Register MarketManagerService.handleMessage(ClearedTrade)
3903 INFO  core.PowerTacBroker: Register PortfolioManagerService.handleMessage(TariffStatus)
3903 INFO  core.PowerTacBroker: Register PortfolioManagerService.handleMessage(CustomerBootstrapData)
3903 INFO  core.PowerTacBroker: Register PortfolioManagerService.handleMessage(TariffSpecification)
3903 INFO  core.PowerTacBroker: Register PortfolioManagerService.handleMessage(TariffTransaction)
3904 INFO  core.PowerTacBroker: Register PortfolioManagerService.handleMessage(BalancingControlEvent)
3905 INFO  core.PowerTacBroker: Register PortfolioManagerService.handleMessage(TariffRevoke)
3905 INFO  core.PowerTacBroker: Register PowerTacBroker.handleMessage(TimeslotUpdate)
3905 INFO  core.PowerTacBroker: Register PowerTacBroker.handleMessage(SimEnd)
3905 INFO  core.PowerTacBroker: Register PowerTacBroker.handleMessage(SimStart)
3906 INFO  core.PowerTacBroker: Register PowerTacBroker.handleMessage(BrokerAccept)
3906 INFO  core.PowerTacBroker: Register PowerTacBroker.handleMessage(Competition)
3906 INFO  core.PowerTacBroker: Register PowerTacBroker.handleMessage(SimPause)
3906 INFO  core.PowerTacBroker: Register PowerTacBroker.handleMessage(SimResume)
3906 INFO  core.PowerTacBroker: Register PowerTacBroker.handleMessage(TimeslotComplete)
4117 ERROR core.JmsManagementService: javax.jms.JMSException: Could not connect to broker URL: tcp://localhost:61616. Reason: java.net.ConnectException: Connection refused (Connection refused)
4117 INFO  core.JmsManagementService: registerMessageListener(Sample, org.powertac.samplebroker.core.BrokerMessageReceiver@4f5b08d)
4126 INFO  core.PowerTacBroker: Listening on queue Sample
4145 INFO  core.MessageDispatcher: sending text: 
<broker-authentication username="Sample" password="secret" brokerTime="1615133186960"/>
4152 INFO  core.PowerTacBroker: log attempt failed org.springframework.jms.UncategorizedJmsException: Uncategorized exception occurred during JMS processing; nested exception is javax.jms.JMSException: Could not connect to broker URL: tcp://localhost:61616. Reason: java.net.ConnectException: Connection refused (Connection refused)
20153 INFO  core.MessageDispatcher: sending text: 
<broker-authentication username="Sample" password="secret" brokerTime="1615133202983"/>
20154 INFO  core.PowerTacBroker: log attempt failed org.springframework.jms.UncategorizedJmsException: Uncategorized exception occurred during JMS processing; nested exception is javax.jms.JMSException: Could not connect to broker URL: tcp://localhost:61616. Reason: java.net.ConnectException: Connection refused (Connection refused)
36155 INFO  core.MessageDispatcher: sending text: 
<broker-authentication username="Sample" password="secret" brokerTime="1615133218984"/>
36156 INFO  core.PowerTacBroker: log attempt failed org.springframework.jms.UncategorizedJmsException: Uncategorized exception occurred during JMS processing; nested exception is javax.jms.JMSException: Could not connect to broker URL: tcp://localhost:61616. Reason: java.net.ConnectException: Connection refused (Connection refused)
52157 INFO  core.MessageDispatcher: sending text: 
<broker-authentication username="Sample" password="secret" brokerTime="1615133234986"/>
52158 INFO  core.PowerTacBroker: log attempt failed org.springframework.jms.UncategorizedJmsException: Uncategorized exception occurred during JMS processing; nested exception is javax.jms.JMSException: Could not connect to broker URL: tcp://localhost:61616. Reason: java.net.ConnectException: Connection refused (Connection refused)
68158 INFO  core.MessageDispatcher: sending text: 
<broker-authentication username="Sample" password="secret" brokerTime="1615133250988"/>
68159 INFO  core.PowerTacBroker: log attempt failed org.springframework.jms.UncategorizedJmsException: Uncategorized exception occurred during JMS processing; nested exception is javax.jms.JMSException: Could not connect to broker URL: tcp://localhost:61616. Reason: java.net.ConnectException: Connection refused (Connection refused)
84160 INFO  core.MessageDispatcher: sending text: 
<broker-authentication username="Sample" password="secret" brokerTime="1615133266990"/>
84161 INFO  core.PowerTacBroker: log attempt failed org.springframework.jms.UncategorizedJmsException: Uncategorized exception occurred during JMS processing; nested exception is javax.jms.JMSException: Could not connect to broker URL: tcp://localhost:61616. Reason: java.net.ConnectException: Connection refused (Connection refused)
100161 INFO  core.MessageDispatcher: sending text: 
<broker-authentication username="Sample" password="secret" brokerTime="1615133282991"/>
100162 INFO  core.PowerTacBroker: log attempt failed org.springframework.jms.UncategorizedJmsException: Uncategorized exception occurred during JMS processing; nested exception is javax.jms.JMSException: Could not connect to broker URL: tcp://localhost:61616. Reason: java.net.ConnectException: Connection refused (Connection refused)
116163 INFO  core.MessageDispatcher: sending text: 
<broker-authentication username="Sample" password="secret" brokerTime="1615133298993"/>
116166 INFO  core.PowerTacBroker: log attempt failed org.springframework.jms.UncategorizedJmsException: Uncategorized exception occurred during JMS processing; nested exception is javax.jms.JMSException: Could not connect to broker URL: tcp://localhost:61616. Reason: java.net.ConnectException: Connection refused (Connection refused)
132166 INFO  core.MessageDispatcher: sending text: 
<broker-authentication username="Sample" password="secret" brokerTime="1615133314996"/>
132167 INFO  core.PowerTacBroker: log attempt failed org.springframework.jms.UncategorizedJmsException: Uncategorized exception occurred during JMS processing; nested exception is javax.jms.JMSException: Could not connect to broker URL: tcp://localhost:61616. Reason: java.net.ConnectException: Connection refused (Connection refused)
148168 INFO  core.MessageDispatcher: sending text: 
<broker-authentication username="Sample" password="secret" brokerTime="1615133330997"/>
148169 INFO  core.PowerTacBroker: log attempt failed org.springframework.jms.UncategorizedJmsException: Uncategorized exception occurred during JMS processing; nested exception is javax.jms.JMSException: Could not connect to broker URL: tcp://localhost:61616. Reason: java.net.ConnectException: Connection refused (Connection refused)
164169 INFO  core.MessageDispatcher: sending text: 
<broker-authentication username="Sample" password="secret" brokerTime="1615133346999"/>
164170 INFO  core.PowerTacBroker: log attempt failed org.springframework.jms.UncategorizedJmsException: Uncategorized exception occurred during JMS processing; nested exception is javax.jms.JMSException: Could not connect to broker URL: tcp://localhost:61616. Reason: java.net.ConnectException: Connection refused (Connection refused)
180171 INFO  core.MessageDispatcher: sending text: 
<broker-authentication username="Sample" password="secret" brokerTime="1615133363000"/>
180172 INFO  core.PowerTacBroker: log attempt failed org.springframework.jms.UncategorizedJmsException: Uncategorized exception occurred during JMS processing; nested exception is javax.jms.JMSException: Could not connect to broker URL: tcp://localhost:61616. Reason: java.net.ConnectException: Connection refused (Connection refused)
196172 INFO  core.MessageDispatcher: sending text: 
<broker-authentication username="Sample" password="secret" brokerTime="1615133379002"/>
196173 INFO  core.PowerTacBroker: log attempt failed org.springframework.jms.UncategorizedJmsException: Uncategorized exception occurred during JMS processing; nested exception is javax.jms.JMSException: Could not connect to broker URL: tcp://localhost:61616. Reason: java.net.ConnectException: Connection refused (Connection refused)
212174 INFO  core.MessageDispatcher: sending text: 
<broker-authentication username="Sample" password="secret" brokerTime="1615133395003"/>
212175 INFO  core.PowerTacBroker: log attempt failed org.springframework.jms.UncategorizedJmsException: Uncategorized exception occurred during JMS processing; nested exception is javax.jms.JMSException: Could not connect to broker URL: tcp://localhost:61616. Reason: java.net.ConnectException: Connection refused (Connection refused)
228175 INFO  core.MessageDispatcher: sending text: 
<broker-authentication username="Sample" password="secret" brokerTime="1615133411005"/>
228176 INFO  core.PowerTacBroker: log attempt failed org.springframework.jms.UncategorizedJmsException: Uncategorized exception occurred during JMS processing; nested exception is javax.jms.JMSException: Could not connect to broker URL: tcp://localhost:61616. Reason: java.net.ConnectException: Connection refused (Connection refused)
244177 INFO  core.MessageDispatcher: sending text: 
<broker-authentication username="Sample" password="secret" brokerTime="1615133427006"/>
244178 INFO  core.PowerTacBroker: log attempt failed org.springframework.jms.UncategorizedJmsException: Uncategorized exception occurred during JMS processing; nested exception is javax.jms.JMSException: Could not connect to broker URL: tcp://localhost:61616. Reason: java.net.ConnectException: Connection refused (Connection refused)
260178 INFO  core.MessageDispatcher: sending text: 
<broker-authentication username="Sample" password="secret" brokerTime="1615133443008"/>
260179 INFO  core.PowerTacBroker: log attempt failed org.springframework.jms.UncategorizedJmsException: Uncategorized exception occurred during JMS processing; nested exception is javax.jms.JMSException: Could not connect to broker URL: tcp://localhost:61616. Reason: java.net.ConnectException: Connection refused (Connection refused)
276180 INFO  core.MessageDispatcher: sending text: 
<broker-authentication username="Sample" password="secret" brokerTime="1615133459009"/>
276180 INFO  core.PowerTacBroker: log attempt failed org.springframework.jms.UncategorizedJmsException: Uncategorized exception occurred during JMS processing; nested exception is javax.jms.JMSException: Could not connect to broker URL: tcp://localhost:61616. Reason: java.net.ConnectException: Connection refused (Connection refused)
292181 INFO  core.MessageDispatcher: sending text: 
<broker-authentication username="Sample" password="secret" brokerTime="1615133475011"/>
292182 INFO  core.PowerTacBroker: log attempt failed org.springframework.jms.UncategorizedJmsException: Uncategorized exception occurred during JMS processing; nested exception is javax.jms.JMSException: Could not connect to broker URL: tcp://localhost:61616. Reason: java.net.ConnectException: Connection refused (Connection refused)
308182 INFO  core.MessageDispatcher: sending text: 
<broker-authentication username="Sample" password="secret" brokerTime="1615133491012"/>
308183 INFO  core.PowerTacBroker: log attempt failed org.springframework.jms.UncategorizedJmsException: Uncategorized exception occurred during JMS processing; nested exception is javax.jms.JMSException: Could not connect to broker URL: tcp://localhost:61616. Reason: java.net.ConnectException: Connection refused (Connection refused)
324184 INFO  core.MessageDispatcher: sending text: 
<broker-authentication username="Sample" password="secret" brokerTime="1615133507013"/>
324184 INFO  core.PowerTacBroker: log attempt failed org.springframework.jms.UncategorizedJmsException: Uncategorized exception occurred during JMS processing; nested exception is javax.jms.JMSException: Could not connect to broker URL: tcp://localhost:61616. Reason: java.net.ConnectException: Connection refused (Connection refused)
340185 INFO  core.MessageDispatcher: sending text: 
<broker-authentication username="Sample" password="secret" brokerTime="1615133523015"/>
340186 INFO  core.PowerTacBroker: log attempt failed org.springframework.jms.UncategorizedJmsException: Uncategorized exception occurred during JMS processing; nested exception is javax.jms.JMSException: Could not connect to broker URL: tcp://localhost:61616. Reason: java.net.ConnectException: Connection refused (Connection refused)
356186 INFO  core.MessageDispatcher: sending text: 
<broker-authentication username="Sample" password="secret" brokerTime="1615133539016"/>
356187 INFO  core.PowerTacBroker: log attempt failed org.springframework.jms.UncategorizedJmsException: Uncategorized exception occurred during JMS processing; nested exception is javax.jms.JMSException: Could not connect to broker URL: tcp://localhost:61616. Reason: java.net.ConnectException: Connection refused (Connection refused)
372188 INFO  core.MessageDispatcher: sending text: 
<broker-authentication username="Sample" password="secret" brokerTime="1615133555017"/>
372188 INFO  core.PowerTacBroker: log attempt failed org.springframework.jms.UncategorizedJmsException: Uncategorized exception occurred during JMS processing; nested exception is javax.jms.JMSException: Could not connect to broker URL: tcp://localhost:61616. Reason: java.net.ConnectException: Connection refused (Connection refused)
388189 INFO  core.MessageDispatcher: sending text: 
<broker-authentication username="Sample" password="secret" brokerTime="1615133571019"/>
388190 INFO  core.PowerTacBroker: log attempt failed org.springframework.jms.UncategorizedJmsException: Uncategorized exception occurred during JMS processing; nested exception is javax.jms.JMSException: Could not connect to broker URL: tcp://localhost:61616. Reason: java.net.ConnectException: Connection refused (Connection refused)
