1746 INFO  server.CompetitionSetupService: simSession: bootData=game1, config=null, jmsUrl=null, game=game1, logSuffix=null, seedData=null, weatherData=null, inputQueue=null
1749 INFO  server.ServerPropertiesService: lazyInit
1811 INFO  server.ServerPropertiesService: loading config from jar:file:/home/suspect/.m2/repository/org/powertac/factored-customer/1.8.0-SNAPSHOT/factored-customer-1.8.0-SNAPSHOT.jar!/config/WindmillCoOp.xml
1853 INFO  server.ServerPropertiesService: loading config from jar:file:/home/suspect/.m2/repository/org/powertac/factored-customer/1.8.0-SNAPSHOT/factored-customer-1.8.0-SNAPSHOT.jar!/config/SunnyhillSolar.xml
1866 INFO  server.ServerPropertiesService: loading config from jar:file:/home/suspect/.m2/repository/org/powertac/factored-customer/1.8.0-SNAPSHOT/factored-customer-1.8.0-SNAPSHOT.jar!/config/EastsideOffices.xml
1871 INFO  server.ServerPropertiesService: loading config from jar:file:/home/suspect/.m2/repository/org/powertac/factored-customer/1.8.0-SNAPSHOT/factored-customer-1.8.0-SNAPSHOT.jar!/config/properties.xml
1874 INFO  server.ServerPropertiesService: loading config from jar:file:/home/suspect/.m2/repository/org/powertac/factored-customer/1.8.0-SNAPSHOT/factored-customer-1.8.0-SNAPSHOT.jar!/config/MedicalCenter.xml
1880 INFO  server.ServerPropertiesService: loading config from jar:file:/home/suspect/.m2/repository/org/powertac/factored-customer/1.8.0-SNAPSHOT/factored-customer-1.8.0-SNAPSHOT.jar!/config/HextraChemical.xml
1885 INFO  server.ServerPropertiesService: loading config from jar:file:/home/suspect/.m2/repository/org/powertac/factored-customer/1.8.0-SNAPSHOT/factored-customer-1.8.0-SNAPSHOT.jar!/config/FrostyStorage.xml
1894 INFO  server.ServerPropertiesService: loading config from jar:file:/home/suspect/.m2/repository/org/powertac/factored-customer/1.8.0-SNAPSHOT/factored-customer-1.8.0-SNAPSHOT.jar!/config/CentervilleHomes.xml
1900 INFO  server.ServerPropertiesService: loading config from jar:file:/home/suspect/.m2/repository/org/powertac/factored-customer/1.8.0-SNAPSHOT/factored-customer-1.8.0-SNAPSHOT.jar!/config/SolarLeasing.xml
1903 INFO  server.ServerPropertiesService: loading config from jar:file:/home/suspect/.m2/repository/org/powertac/factored-customer/1.8.0-SNAPSHOT/factored-customer-1.8.0-SNAPSHOT.jar!/config/DowntownOffices.xml
1907 INFO  server.ServerPropertiesService: loading config from jar:file:/home/suspect/.m2/repository/org/powertac/factored-customer/1.8.0-SNAPSHOT/factored-customer-1.8.0-SNAPSHOT.jar!/config/BrooksideHomes.xml
1910 INFO  server.ServerPropertiesService: loading config from jar:file:/home/suspect/.m2/repository/org/powertac/customer-models/1.8.0-SNAPSHOT/customer-models-1.8.0-SNAPSHOT.jar!/config/properties.xml
1918 INFO  server.ServerPropertiesService: loading config from jar:file:/home/suspect/.m2/repository/org/powertac/evcustomer/1.8.0-SNAPSHOT/evcustomer-1.8.0-SNAPSHOT.jar!/config/properties.xml
1934 INFO  server.ServerPropertiesService: loading config from jar:file:/home/suspect/.m2/repository/org/powertac/server-main/1.8.0-SNAPSHOT/server-main-1.8.0-SNAPSHOT.jar!/config/server.properties
1937 INFO  server.ServerPropertiesService: loading config from jar:file:/home/suspect/.m2/repository/org/powertac/genco/1.8.0-SNAPSHOT/genco-1.8.0-SNAPSHOT.jar!/config/genco.properties
1939 INFO  server.ServerPropertiesService: loading config from jar:file:/home/suspect/.m2/repository/org/powertac/genco/1.8.0-SNAPSHOT/genco-1.8.0-SNAPSHOT.jar!/config/misobuyer.properties
1940 INFO  server.ServerPropertiesService: loading config from jar:file:/home/suspect/.m2/repository/org/powertac/genco/1.8.0-SNAPSHOT/genco-1.8.0-SNAPSHOT.jar!/config/cpgenco.properties
1945 INFO  server.CompetitionSetupService: bootUrl=file:game1
1947 INFO  server.CompetitionControlService: pre-authorized default broker
1951 INFO  server.CompetitionControlService: Authorized broker default-broker / default-broker
1952 INFO  server.CompetitionControlService: Authorized broker TUC_TAC / TUC_TAC
